Snake/app/build/outputs/apk/manifest-merger-debug-report.txt
-- Merging decision tree log ---
manifest
ADDED from AndroidManifest.xml:23:1
	package
		ADDED from AndroidManifest.xml:24:3
		INJECTED from AndroidManifest.xml:0:0
		INJECTED from AndroidManifest.xml:0:0
	xmlns:android
		ADDED from AndroidManifest.xml:23:11
uses-sdk
ADDED from AndroidManifest.xml:26:3
	android:targetSdkVersion
		ADDED from AndroidManifest.xml:26:39
		INJECTED from AndroidManifest.xml:0:0
		INJECTED from AndroidManifest.xml:0:0
	android:minSdkVersion
		ADDED from AndroidManifest.xml:26:13
		INJECTED from AndroidManifest.xml:0:0
		INJECTED from AndroidManifest.xml:0:0
uses-feature#android.hardware.touchscreen
ADDED from AndroidManifest.xml:28:3
	android:required
		ADDED from AndroidManifest.xml:29:5
	android:name
		ADDED from AndroidManifest.xml:28:17
supports-screens
ADDED from AndroidManifest.xml:31:3
	android:largeScreens
		ADDED from AndroidManifest.xml:31:21
application
ADDED from AndroidManifest.xml:33:3
	android:label
		ADDED from AndroidManifest.xml:33:53
	android:icon
		ADDED from AndroidManifest.xml:33:16
activity#com.example.android.snake.Snake
ADDED from AndroidManifest.xml:34:5
	android:screenOrientation
		ADDED from AndroidManifest.xml:35:7
	android:configChanges
		ADDED from AndroidManifest.xml:34:36
	android:theme
		ADDED from AndroidManifest.xml:35:44
	android:name
		ADDED from AndroidManifest.xml:34:15
intent-filter#android.intent.action.MAIN+android.intent.category.LAUNCHER
ADDED from AndroidManifest.xml:36:7
action#android.intent.action.MAIN
ADDED from AndroidManifest.xml:37:9
	android:name
		ADDED from AndroidManifest.xml:37:17
category#android.intent.category.LAUNCHER
ADDED from AndroidManifest.xml:39:9
	android:name
		ADDED from AndroidManifest.xml:39:19